<?xml version="1.0" encoding="UTF-8"?>
<!-- Generated by org.testng.reporters.JUnitReportReporter -->
<testsuite skipped="0" hostname="DESKTOP-A3UK6P8" name="com.banking.testscript.TestClass" tests="2" failures="0" timestamp="25 Nov 2019 13:59:18 GMT" time="8.199" errors="0">
  <testcase name="toVerifyTasksButton" time="2.496" classname="com.banking.testscript.TestClass"/>
  <testcase name="toVerifyActiTimeLogin" time="5.703" classname="com.banking.testscript.TestClass"/>
</testsuite> <!-- com.banking.testscript.TestClass -->
